2020-06-02 17:40:43 |INFO  |main |SpringApplication.java:655 |com.extragalactic.ex_cloud.ex_service_ms.base.cloud.ServiceEduApplication |The following profiles are active: dev
2020-06-02 17:40:44 |INFO  |main |GenericScope.java:295 |org.springframework.cloud.context.scope.GenericScope |BeanFactory id=939aa2a9-c191-3c27-83e5-34afc575fb29
2020-06-02 17:40:45 |INFO  |main |PostProcessorRegistrationDelegate.java:335 |org.springframework.context.support.PostProcessorRegistrationDelegate$BeanPostProcessorChecker |Bean 'spring.cloud.sentinel-com.alibaba.cloud.sentinel.SentinelProperties' of type [com.alibaba.cloud.sentinel.SentinelProperties] is not eligible for getting processed by all BeanPostProcessors (for example: not eligible for auto-proxying)
2020-06-02 17:40:45 |INFO  |main |PostProcessorRegistrationDelegate.java:335 |org.springframework.context.support.PostProcessorRegistrationDelegate$BeanPostProcessorChecker |Bean 'com.alibaba.cloud.sentinel.custom.SentinelAutoConfiguration' of type [com.alibaba.cloud.sentinel.custom.SentinelAutoConfiguration] is not eligible for getting processed by all BeanPostProcessors (for example: not eligible for auto-proxying)
2020-06-02 17:40:45 |INFO  |main |TomcatWebServer.java:108 |org.springframework.boot.web.embedded.tomcat.TomcatWebServer |Tomcat initialized with port(s): 41236 (http)
2020-06-02 17:40:45 |INFO  |main |DirectJDKLog.java:173 |org.apache.coyote.http11.Http11NioProtocol |Initializing ProtocolHandler ["http-nio-41236"]
2020-06-02 17:40:45 |INFO  |main |DirectJDKLog.java:173 |org.apache.catalina.core.StandardService |Starting service [Tomcat]
2020-06-02 17:40:45 |INFO  |main |DirectJDKLog.java:173 |org.apache.catalina.core.StandardEngine |Starting Servlet engine: [Apache Tomcat/9.0.35]
2020-06-02 17:40:45 |INFO  |main |DirectJDKLog.java:173 |org.apache.catalina.core.ContainerBase.[Tomcat].[localhost].[/] |Initializing Spring embedded WebApplicationContext
2020-06-02 17:40:45 |INFO  |main |ServletWebServerApplicationContext.java:284 |org.springframework.web.context.ContextLoader |Root WebApplicationContext: initialization completed in 2891 ms
2020-06-02 17:40:46 |INFO  |main |DirectJDKLog.java:173 |org.apache.catalina.core.StandardService |Stopping service [Tomcat]
2020-06-02 17:43:23 |INFO  |main |SpringApplication.java:655 |com.extragalactic.ex_cloud.ex_service_ms.base.cloud.ServiceEduApplication |The following profiles are active: dev
2020-06-02 17:43:24 |INFO  |main |GenericScope.java:295 |org.springframework.cloud.context.scope.GenericScope |BeanFactory id=b94608f0-aa28-331b-8097-54bd34e15861
2020-06-02 17:43:24 |INFO  |main |PostProcessorRegistrationDelegate.java:335 |org.springframework.context.support.PostProcessorRegistrationDelegate$BeanPostProcessorChecker |Bean 'spring.cloud.sentinel-com.alibaba.cloud.sentinel.SentinelProperties' of type [com.alibaba.cloud.sentinel.SentinelProperties] is not eligible for getting processed by all BeanPostProcessors (for example: not eligible for auto-proxying)
2020-06-02 17:43:24 |INFO  |main |PostProcessorRegistrationDelegate.java:335 |org.springframework.context.support.PostProcessorRegistrationDelegate$BeanPostProcessorChecker |Bean 'com.alibaba.cloud.sentinel.custom.SentinelAutoConfiguration' of type [com.alibaba.cloud.sentinel.custom.SentinelAutoConfiguration] is not eligible for getting processed by all BeanPostProcessors (for example: not eligible for auto-proxying)
2020-06-02 17:43:24 |INFO  |main |TomcatWebServer.java:108 |org.springframework.boot.web.embedded.tomcat.TomcatWebServer |Tomcat initialized with port(s): 41236 (http)
2020-06-02 17:43:24 |INFO  |main |DirectJDKLog.java:173 |org.apache.coyote.http11.Http11NioProtocol |Initializing ProtocolHandler ["http-nio-41236"]
2020-06-02 17:43:24 |INFO  |main |DirectJDKLog.java:173 |org.apache.catalina.core.StandardService |Starting service [Tomcat]
2020-06-02 17:43:24 |INFO  |main |DirectJDKLog.java:173 |org.apache.catalina.core.StandardEngine |Starting Servlet engine: [Apache Tomcat/9.0.35]
2020-06-02 17:43:24 |INFO  |main |DirectJDKLog.java:173 |org.apache.catalina.core.ContainerBase.[Tomcat].[localhost].[/] |Initializing Spring embedded WebApplicationContext
2020-06-02 17:43:24 |INFO  |main |ServletWebServerApplicationContext.java:284 |org.springframework.web.context.ContextLoader |Root WebApplicationContext: initialization completed in 1591 ms
2020-06-02 17:43:24 |INFO  |main |DirectJDKLog.java:173 |org.apache.catalina.core.StandardService |Stopping service [Tomcat]
2020-06-02 17:45:04 |INFO  |main |SpringApplication.java:655 |com.extragalactic.ex_cloud.ex_service_ms.base.cloud.ServiceEduApplication |The following profiles are active: dev
2020-06-02 17:45:05 |INFO  |main |GenericScope.java:295 |org.springframework.cloud.context.scope.GenericScope |BeanFactory id=b94608f0-aa28-331b-8097-54bd34e15861
2020-06-02 17:45:06 |INFO  |main |PostProcessorRegistrationDelegate.java:335 |org.springframework.context.support.PostProcessorRegistrationDelegate$BeanPostProcessorChecker |Bean 'spring.cloud.sentinel-com.alibaba.cloud.sentinel.SentinelProperties' of type [com.alibaba.cloud.sentinel.SentinelProperties] is not eligible for getting processed by all BeanPostProcessors (for example: not eligible for auto-proxying)
2020-06-02 17:45:06 |INFO  |main |PostProcessorRegistrationDelegate.java:335 |org.springframework.context.support.PostProcessorRegistrationDelegate$BeanPostProcessorChecker |Bean 'com.alibaba.cloud.sentinel.custom.SentinelAutoConfiguration' of type [com.alibaba.cloud.sentinel.custom.SentinelAutoConfiguration] is not eligible for getting processed by all BeanPostProcessors (for example: not eligible for auto-proxying)
2020-06-02 17:45:06 |INFO  |main |TomcatWebServer.java:108 |org.springframework.boot.web.embedded.tomcat.TomcatWebServer |Tomcat initialized with port(s): 41236 (http)
2020-06-02 17:45:06 |INFO  |main |DirectJDKLog.java:173 |org.apache.coyote.http11.Http11NioProtocol |Initializing ProtocolHandler ["http-nio-41236"]
2020-06-02 17:45:06 |INFO  |main |DirectJDKLog.java:173 |org.apache.catalina.core.StandardService |Starting service [Tomcat]
2020-06-02 17:45:06 |INFO  |main |DirectJDKLog.java:173 |org.apache.catalina.core.StandardEngine |Starting Servlet engine: [Apache Tomcat/9.0.35]
2020-06-02 17:45:06 |INFO  |main |DirectJDKLog.java:173 |org.apache.catalina.core.ContainerBase.[Tomcat].[localhost].[/] |Initializing Spring embedded WebApplicationContext
2020-06-02 17:45:06 |INFO  |main |ServletWebServerApplicationContext.java:284 |org.springframework.web.context.ContextLoader |Root WebApplicationContext: initialization completed in 1508 ms
2020-06-02 17:45:06 |INFO  |main |DirectJDKLog.java:173 |org.apache.catalina.core.StandardService |Stopping service [Tomcat]
2020-06-02 17:50:48 |INFO  |main |SpringApplication.java:655 |com.extragalactic.ex_cloud.ex_service_ms.base.cloud.ServiceEduApplication |The following profiles are active: dev
2020-06-02 17:50:49 |INFO  |main |GenericScope.java:295 |org.springframework.cloud.context.scope.GenericScope |BeanFactory id=b94608f0-aa28-331b-8097-54bd34e15861
2020-06-02 17:50:49 |INFO  |main |PostProcessorRegistrationDelegate.java:335 |org.springframework.context.support.PostProcessorRegistrationDelegate$BeanPostProcessorChecker |Bean 'spring.cloud.sentinel-com.alibaba.cloud.sentinel.SentinelProperties' of type [com.alibaba.cloud.sentinel.SentinelProperties] is not eligible for getting processed by all BeanPostProcessors (for example: not eligible for auto-proxying)
2020-06-02 17:50:49 |INFO  |main |PostProcessorRegistrationDelegate.java:335 |org.springframework.context.support.PostProcessorRegistrationDelegate$BeanPostProcessorChecker |Bean 'com.alibaba.cloud.sentinel.custom.SentinelAutoConfiguration' of type [com.alibaba.cloud.sentinel.custom.SentinelAutoConfiguration] is not eligible for getting processed by all BeanPostProcessors (for example: not eligible for auto-proxying)
2020-06-02 17:50:49 |INFO  |main |TomcatWebServer.java:108 |org.springframework.boot.web.embedded.tomcat.TomcatWebServer |Tomcat initialized with port(s): 41236 (http)
2020-06-02 17:50:49 |INFO  |main |DirectJDKLog.java:173 |org.apache.coyote.http11.Http11NioProtocol |Initializing ProtocolHandler ["http-nio-41236"]
2020-06-02 17:50:49 |INFO  |main |DirectJDKLog.java:173 |org.apache.catalina.core.StandardService |Starting service [Tomcat]
2020-06-02 17:50:49 |INFO  |main |DirectJDKLog.java:173 |org.apache.catalina.core.StandardEngine |Starting Servlet engine: [Apache Tomcat/9.0.35]
2020-06-02 17:50:49 |INFO  |main |DirectJDKLog.java:173 |org.apache.catalina.core.ContainerBase.[Tomcat].[localhost].[/] |Initializing Spring embedded WebApplicationContext
2020-06-02 17:50:49 |INFO  |main |ServletWebServerApplicationContext.java:284 |org.springframework.web.context.ContextLoader |Root WebApplicationContext: initialization completed in 1498 ms
2020-06-02 17:50:49 |INFO  |main |DirectJDKLog.java:173 |org.apache.catalina.core.StandardService |Stopping service [Tomcat]
2020-06-02 17:51:13 |INFO  |main |SpringApplication.java:655 |com.extragalactic.ex_cloud.ex_service_ms.base.cloud.ServiceEduApplication |The following profiles are active: dev
2020-06-02 17:51:14 |INFO  |main |GenericScope.java:295 |org.springframework.cloud.context.scope.GenericScope |BeanFactory id=b94608f0-aa28-331b-8097-54bd34e15861
2020-06-02 17:51:14 |INFO  |main |PostProcessorRegistrationDelegate.java:335 |org.springframework.context.support.PostProcessorRegistrationDelegate$BeanPostProcessorChecker |Bean 'spring.cloud.sentinel-com.alibaba.cloud.sentinel.SentinelProperties' of type [com.alibaba.cloud.sentinel.SentinelProperties] is not eligible for getting processed by all BeanPostProcessors (for example: not eligible for auto-proxying)
2020-06-02 17:51:14 |INFO  |main |PostProcessorRegistrationDelegate.java:335 |org.springframework.context.support.PostProcessorRegistrationDelegate$BeanPostProcessorChecker |Bean 'com.alibaba.cloud.sentinel.custom.SentinelAutoConfiguration' of type [com.alibaba.cloud.sentinel.custom.SentinelAutoConfiguration] is not eligible for getting processed by all BeanPostProcessors (for example: not eligible for auto-proxying)
2020-06-02 17:51:14 |INFO  |main |TomcatWebServer.java:108 |org.springframework.boot.web.embedded.tomcat.TomcatWebServer |Tomcat initialized with port(s): 41236 (http)
2020-06-02 17:51:14 |INFO  |main |DirectJDKLog.java:173 |org.apache.coyote.http11.Http11NioProtocol |Initializing ProtocolHandler ["http-nio-41236"]
2020-06-02 17:51:14 |INFO  |main |DirectJDKLog.java:173 |org.apache.catalina.core.StandardService |Starting service [Tomcat]
2020-06-02 17:51:14 |INFO  |main |DirectJDKLog.java:173 |org.apache.catalina.core.StandardEngine |Starting Servlet engine: [Apache Tomcat/9.0.35]
2020-06-02 17:51:14 |INFO  |main |DirectJDKLog.java:173 |org.apache.catalina.core.ContainerBase.[Tomcat].[localhost].[/] |Initializing Spring embedded WebApplicationContext
2020-06-02 17:51:14 |INFO  |main |ServletWebServerApplicationContext.java:284 |org.springframework.web.context.ContextLoader |Root WebApplicationContext: initialization completed in 1546 ms
2020-06-02 17:51:15 |INFO  |main |DirectJDKLog.java:173 |org.apache.catalina.core.StandardService |Stopping service [Tomcat]
